<?xml version="1.0" encoding="UTF-8"?>
<!-- Generated by org.testng.reporters.JUnitXMLReporter -->
<testsuite ignored="0" hostname="Sonaji" failures="0" tests="7" name="Default test" time="133.461" errors="0" timestamp="2024-07-29T21:52:38 IST">
  <testcase classname="com.Test.Admin_UserManagement_Test" name="verifySearchFunctionalityUsingValidUserName" time="10.57"/>
  <testcase classname="com.Test.Admin_UserManagement_Test" name="verifySearchFunctionalityUsingInvalidUserName" time="2.696"/>
  <testcase classname="com.Test.Admin_UserManagement_Test" name="verifySearchFunctionalityUsingValidUserRole" time="9.86"/>
  <testcase classname="com.Test.Admin_UserManagement_Test" name="verifySearchFunctionalityUsingValidEmployeeHintName" time="8.745"/>
  <testcase classname="com.Test.Admin_UserManagement_Test" name="verifySearchFunctionalityUsingStatus" time="7.479"/>
  <testcase classname="com.Test.Admin_UserManagement_Test" name="verifySearchFunctionalityUsingCombinationOfAllValidFields" time="3.396"/>
  <testcase classname="com.Test.Admin_UserManagement_Test" name="addAndVerifyUserUsingAllMandatoryFields" time="15.251"/>
</testsuite> <!-- Default test -->
