<?xml version="1.0" encoding="UTF-8"?>
<!-- Generated by org.testng.reporters.JUnitXMLReporter -->
<testsuite ignored="0" hostname="Sonaji" failures="0" tests="7" name="AdminTest" time="100.606" errors="0" timestamp="2024-07-29T22:26:18 IST">
  <testcase classname="com.Test.Admin_UserManagement_Test" name="verifySearchFunctionalityUsingValidUserName" time="9.393"/>
  <testcase classname="com.Test.Admin_UserManagement_Test" name="verifySearchFunctionalityUsingInvalidUserName" time="10.458"/>
  <testcase classname="com.Test.Admin_UserManagement_Test" name="verifySearchFunctionalityUsingValidUserRole" time="7.834"/>
  <testcase classname="com.Test.Admin_UserManagement_Test" name="verifySearchFunctionalityUsingValidEmployeeHintName" time="8.558"/>
  <testcase classname="com.Test.Admin_UserManagement_Test" name="verifySearchFunctionalityUsingStatus" time="3.907"/>
  <testcase classname="com.Test.Admin_UserManagement_Test" name="verifySearchFunctionalityUsingCombinationOfAllValidFields" time="2.793"/>
  <testcase classname="com.Test.Admin_UserManagement_Test" name="addAndVerifyUserUsingAllMandatoryFields" time="14.337"/>
</testsuite> <!-- AdminTest -->
