<?xml version="1.0" encoding="UTF-8"?>
<testng-results ignored="0" total="7" passed="7" failed="0" skipped="0">
  <reporter-output>
  </reporter-output>
  <suite started-at="2024-07-29T22:24:37 IST" name="Suite" finished-at="2024-07-29T22:26:18 IST" duration-ms="100606">
    <groups>
    </groups>
    <test started-at="2024-07-29T22:24:37 IST" name="AdminTest" finished-at="2024-07-29T22:26:18 IST" duration-ms="100606">
      <class name="com.Test.Admin_UserManagement_Test">
        <test-method is-config="true" signature="launchBrowser()[pri:0, instance:com.Test.Admin_UserManagement_Test@1189dd52]" started-at="2024-07-29T22:24:38 IST" name="launchBrowser" finished-at="2024-07-29T22:24:49 IST" duration-ms="11518" status="PASS">
          <reporter-output>
          </reporter-output>
        </test-method> <!-- launchBrowser -->
        <test-method is-config="true" signature="setUp()[pri:0, instance:com.Test.Admin_UserManagement_Test@1189dd52]" started-at="2024-07-29T22:24:49 IST" name="setUp" finished-at="2024-07-29T22:24:53 IST" duration-ms="3923" status="PASS">
          <reporter-output>
          </reporter-output>
        </test-method> <!-- setUp -->
        <test-method is-config="true" signature="refreshBeforeEveryTestMethod()[pri:0, instance:com.Test.Admin_UserManagement_Test@1189dd52]" started-at="2024-07-29T22:24:53 IST" name="refreshBeforeEveryTestMethod" finished-at="2024-07-29T22:24:56 IST" duration-ms="2850" status="PASS">
          <reporter-output>
          </reporter-output>
        </test-method> <!-- refreshBeforeEveryTestMethod -->
        <test-method signature="verifySearchFunctionalityUsingValidUserName()[pri:1, instance:com.Test.Admin_UserManagement_Test@1189dd52]" started-at="2024-07-29T22:24:56 IST" name="verifySearchFunctionalityUsingValidUserName" finished-at="2024-07-29T22:25:05 IST" duration-ms="9393" status="PASS">
          <reporter-output>
          </reporter-output>
        </test-method> <!-- verifySearchFunctionalityUsingValidUserName -->
        <test-method is-config="true" signature="refreshBeforeEveryTestMethod()[pri:0, instance:com.Test.Admin_UserManagement_Test@1189dd52]" started-at="2024-07-29T22:25:05 IST" name="refreshBeforeEveryTestMethod" finished-at="2024-07-29T22:25:09 IST" duration-ms="3389" status="PASS">
          <reporter-output>
          </reporter-output>
        </test-method> <!-- refreshBeforeEveryTestMethod -->
        <test-method signature="verifySearchFunctionalityUsingInvalidUserName()[pri:2, instance:com.Test.Admin_UserManagement_Test@1189dd52]" started-at="2024-07-29T22:25:09 IST" name="verifySearchFunctionalityUsingInvalidUserName" finished-at="2024-07-29T22:25:19 IST" duration-ms="10458" status="PASS">
          <reporter-output>
          </reporter-output>
        </test-method> <!-- verifySearchFunctionalityUsingInvalidUserName -->
        <test-method is-config="true" signature="refreshBeforeEveryTestMethod()[pri:0, instance:com.Test.Admin_UserManagement_Test@1189dd52]" started-at="2024-07-29T22:25:19 IST" name="refreshBeforeEveryTestMethod" finished-at="2024-07-29T22:25:23 IST" duration-ms="3267" status="PASS">
          <reporter-output>
          </reporter-output>
        </test-method> <!-- refreshBeforeEveryTestMethod -->
        <test-method signature="verifySearchFunctionalityUsingValidUserRole()[pri:3, instance:com.Test.Admin_UserManagement_Test@1189dd52]" started-at="2024-07-29T22:25:23 IST" name="verifySearchFunctionalityUsingValidUserRole" finished-at="2024-07-29T22:25:30 IST" duration-ms="7834" status="PASS">
          <reporter-output>
          </reporter-output>
        </test-method> <!-- verifySearchFunctionalityUsingValidUserRole -->
        <test-method is-config="true" signature="refreshBeforeEveryTestMethod()[pri:0, instance:com.Test.Admin_UserManagement_Test@1189dd52]" started-at="2024-07-29T22:25:30 IST" name="refreshBeforeEveryTestMethod" finished-at="2024-07-29T22:25:34 IST" duration-ms="3843" status="PASS">
          <reporter-output>
          </reporter-output>
        </test-method> <!-- refreshBeforeEveryTestMethod -->
        <test-method signature="verifySearchFunctionalityUsingValidEmployeeHintName()[pri:4, instance:com.Test.Admin_UserManagement_Test@1189dd52]" started-at="2024-07-29T22:25:34 IST" name="verifySearchFunctionalityUsingValidEmployeeHintName" finished-at="2024-07-29T22:25:43 IST" duration-ms="8558" status="PASS">
          <reporter-output>
          </reporter-output>
        </test-method> <!-- verifySearchFunctionalityUsingValidEmployeeHintName -->
        <test-method is-config="true" signature="refreshBeforeEveryTestMethod()[pri:0, instance:com.Test.Admin_UserManagement_Test@1189dd52]" started-at="2024-07-29T22:25:43 IST" name="refreshBeforeEveryTestMethod" finished-at="2024-07-29T22:25:47 IST" duration-ms="4201" status="PASS">
          <reporter-output>
          </reporter-output>
        </test-method> <!-- refreshBeforeEveryTestMethod -->
        <test-method signature="verifySearchFunctionalityUsingStatus()[pri:5, instance:com.Test.Admin_UserManagement_Test@1189dd52]" started-at="2024-07-29T22:25:47 IST" name="verifySearchFunctionalityUsingStatus" finished-at="2024-07-29T22:25:51 IST" duration-ms="3907" status="PASS">
          <reporter-output>
          </reporter-output>
        </test-method> <!-- verifySearchFunctionalityUsingStatus -->
        <test-method is-config="true" signature="refreshBeforeEveryTestMethod()[pri:0, instance:com.Test.Admin_UserManagement_Test@1189dd52]" started-at="2024-07-29T22:25:51 IST" name="refreshBeforeEveryTestMethod" finished-at="2024-07-29T22:25:55 IST" duration-ms="3594" status="PASS">
          <reporter-output>
          </reporter-output>
        </test-method> <!-- refreshBeforeEveryTestMethod -->
        <test-method signature="verifySearchFunctionalityUsingCombinationOfAllValidFields()[pri:6, instance:com.Test.Admin_UserManagement_Test@1189dd52]" started-at="2024-07-29T22:25:55 IST" name="verifySearchFunctionalityUsingCombinationOfAllValidFields" finished-at="2024-07-29T22:25:57 IST" duration-ms="2793" status="PASS">
          <reporter-output>
          </reporter-output>
        </test-method> <!-- verifySearchFunctionalityUsingCombinationOfAllValidFields -->
        <test-method is-config="true" signature="refreshBeforeEveryTestMethod()[pri:0, instance:com.Test.Admin_UserManagement_Test@1189dd52]" started-at="2024-07-29T22:25:57 IST" name="refreshBeforeEveryTestMethod" finished-at="2024-07-29T22:26:02 IST" duration-ms="4965" status="PASS">
          <reporter-output>
          </reporter-output>
        </test-method> <!-- refreshBeforeEveryTestMethod -->
        <test-method signature="addAndVerifyUserUsingAllMandatoryFields()[pri:7, instance:com.Test.Admin_UserManagement_Test@1189dd52]" started-at="2024-07-29T22:26:02 IST" name="addAndVerifyUserUsingAllMandatoryFields" finished-at="2024-07-29T22:26:17 IST" duration-ms="14337" status="PASS">
          <reporter-output>
          </reporter-output>
        </test-method> <!-- addAndVerifyUserUsingAllMandatoryFields -->
        <test-method is-config="true" signature="tearDown()[pri:0, instance:com.Test.Admin_UserManagement_Test@1189dd52]" started-at="2024-07-29T22:26:17 IST" name="tearDown" finished-at="2024-07-29T22:26:18 IST" duration-ms="1178" status="PASS">
          <reporter-output>
          </reporter-output>
        </test-method> <!-- tearDown -->
      </class> <!-- com.Test.Admin_UserManagement_Test -->
    </test> <!-- AdminTest -->
  </suite> <!-- Suite -->
</testng-results>
